<?xml version="1.0" encoding="UTF-8" standalone="no"?>
<testsuite failures="0" name="cucumber.runtime.formatter.JUnitFormatter" skipped="0" tests="1" time="20.502977">
    <testcase classname="Google Page Test" name="Google page testing" time="20.502977">
        <system-out><![CDATA[Given Open the Google page..................................................passed
Then Enter value into the search field......................................passed
Then Click the Search button................................................passed
And Close the Google  page..................................................passed
]]></system-out>
    </testcase>
</testsuite>
